0 info it worked if it ends with ok
1 verbose cli [ '/usr/bin/node', '/usr/bin/npm', 'run', 'dev' ]
2 info using npm@3.5.2
3 info using node@v8.10.0
4 verbose run-script [ 'predev', 'dev', 'postdev' ]
5 info lifecycle Forge-stats@0.0.1~predev: Forge-stats@0.0.1
6 silly lifecycle Forge-stats@0.0.1~predev: no script for predev, continuing
7 info lifecycle Forge-stats@0.0.1~dev: Forge-stats@0.0.1
8 verbose lifecycle Forge-stats@0.0.1~dev: unsafe-perm in lifecycle true
9 verbose lifecycle Forge-stats@0.0.1~dev: PATH: /usr/share/npm/bin/node-gyp-bin:/home/hc/ForgeWeb/AllWebs0916/Forge-stats/node_modules/.bin:/usr/local/sbin:/usr/local/bin:/usr/sbin:/usr/bin:/sbin:/bin:/usr/games:/usr/local/games
10 verbose lifecycle Forge-stats@0.0.1~dev: CWD: /home/hc/ForgeWeb/AllWebs0916/Forge-stats
11 silly lifecycle Forge-stats@0.0.1~dev: Args: [ '-c', 'cubejs-dev-server' ]
12 silly lifecycle Forge-stats@0.0.1~dev: Returned: code: 1  signal: null
13 info lifecycle Forge-stats@0.0.1~dev: Failed to exec dev script
14 verbose stack Error: Forge-stats@0.0.1 dev: `cubejs-dev-server`
14 verbose stack Exit status 1
14 verbose stack     at EventEmitter.<anonymous> (/usr/share/npm/lib/utils/lifecycle.js:232:16)
14 verbose stack     at emitTwo (events.js:126:13)
14 verbose stack     at EventEmitter.emit (events.js:214:7)
14 verbose stack     at ChildProcess.<anonymous> (/usr/share/npm/lib/utils/spawn.js:24:14)
14 verbose stack     at emitTwo (events.js:126:13)
14 verbose stack     at ChildProcess.emit (events.js:214:7)
14 verbose stack     at maybeClose (internal/child_process.js:925:16)
14 verbose stack     at Process.ChildProcess._handle.onexit (internal/child_process.js:209:5)
15 verbose pkgid Forge-stats@0.0.1
16 verbose cwd /home/hc/ForgeWeb/AllWebs0916/Forge-stats
17 error Linux 5.0.0-29-generic
18 error argv "/usr/bin/node" "/usr/bin/npm" "run" "dev"
19 error node v8.10.0
20 error npm  v3.5.2
21 error code ELIFECYCLE
22 error Forge-stats@0.0.1 dev: `cubejs-dev-server`
22 error Exit status 1
23 error Failed at the Forge-stats@0.0.1 dev script 'cubejs-dev-server'.
23 error Make sure you have the latest version of node.js and npm installed.
23 error If you do, this is most likely a problem with the Forge-stats package,
23 error not with npm itself.
23 error Tell the author that this fails on your system:
23 error     cubejs-dev-server
23 error You can get information on how to open an issue for this project with:
23 error     npm bugs Forge-stats
23 error Or if that isn't available, you can get their info via:
23 error     npm owner ls Forge-stats
23 error There is likely additional logging output above.
24 verbose exit [ 1, true ]
